<?xml version="1.0" encoding="UTF-8"?>
<testsuite name="com.example.demo.controllers.CalculatorControllerTest" tests="4" skipped="0" failures="0" errors="0" timestamp="2024-05-10T08:27:11" hostname="NEU" time="0.048">
  <properties/>
  <testcase name="calculateWhenPlusOp()" classname="com.example.demo.controllers.CalculatorControllerTest" time="0.017"/>
  <testcase name="calculateWhenDivOp()" classname="com.example.demo.controllers.CalculatorControllerTest" time="0.011"/>
  <testcase name="calculateWhenMulOp()" classname="com.example.demo.controllers.CalculatorControllerTest" time="0.006"/>
  <testcase name="calculateWhenSubOp()" classname="com.example.demo.controllers.CalculatorControllerTest" time="0.007"/>
  <system-out><![CDATA[2024-05-10T12:27:11.438+04:00  INFO 19484 --- [    Test worker] t.c.s.AnnotationConfigContextLoaderUtils : Could not detect default configuration classes for test class [com.example.demo.controllers.CalculatorControllerTest]: CalculatorControllerTest does not declare any static, non-private, non-final, nested classes annotated with @Configuration.
2024-05-10T12:27:11.511+04:00  INFO 19484 --- [    Test worker] .b.t.c.SpringBootTestContextBootstrapper : Found @SpringBootConfiguration com.example.demo.DemoApplication for test class com.example.demo.controllers.CalculatorControllerTest
]]></system-out>
  <system-err><![CDATA[]]></system-err>
</testsuite>
